<?xml version="1.0" encoding="UTF-8"?>
<testsuites name="TEST TECHNICAL BTN" time="58.379" tests="2" failures="1" errors="0">
   <testsuite name="TEST TECHNICAL BTN" tests="2" failures="1" errors="0" time="58.379" skipped="0" timestamp="16-10-2024T16:15:34" hostname="ASUS VIVOBOOK - DESKTOP-MMTM3NU" id="Test Suites/TEST TECHNICAL BTN">
      <properties>
         <property name="deviceName" value=""/>
         <property name="devicePlatform"/>
         <property name="logFolder" value="C:\\Users\\ASUS VIVOBOOK\\git\\TEST-TECHNICAL-BTN---QA-AUTOMATION---FELIX-TANGGONO\\Reports\\20241016_161529\\TEST TECHNICAL BTN\\20241016_161529"/>
         <property name="logFiles" value="C:\\Users\\ASUS VIVOBOOK\\git\\TEST-TECHNICAL-BTN---QA-AUTOMATION---FELIX-TANGGONO\\Reports\\20241016_161529\\TEST TECHNICAL BTN\\20241016_161529\\execution0.log"/>
         <property name="attachments" value=""/>
         <property name="hostName" value="ASUS VIVOBOOK - DESKTOP-MMTM3NU"/>
         <property name="os" value="Windows 10 64bit"/>
         <property name="katalonVersion" value="9.7.2.223"/>
         <property name="browser" value="Chrome 129.0.0.0"/>
         <property name="hostAddress" value="192.168.1.78"/>
         <property name="sessionId" value="a83ff7f056985848847b04da9faae14c"/>
         <property name="seleniumVersion" value="3.141.59"/>
         <property name="proxyInformation" value="ProxyInformation { proxyOption=NO_PROXY, proxyServerType=HTTP, username=, password=********, proxyServerAddress=, proxyServerPort=0, executionList=&quot;&quot;, isApplyToDesiredCapabilities=true }"/>
         <property name="platform" value="Windows 10"/>
      </properties>
      <testcase name="Test Cases/Case positif Quantity Update" time="38.337" classname="Test Cases/Case positif Quantity Update" status="FAILED">
         <failure type="FAILED" message="Test Cases/Case positif Quantity Update FAILED.&#xa;Reason:&#xa;com.kms.katalon.core.exception.StepFailedException: Unable to set text '4' of object 'Object Repository/Page_Basket  Automation Practice Site/input__cart149e9677a5989fd342ae44213df68868qty'&#xa;	at com.kms.katalon.core.webui.keyword.internal.WebUIKeywordMain.stepFailed(WebUIKeywordMain.groovy:117)&#xa;	at com.kms.katalon.core.webui.keyword.internal.WebUIKeywordMain.runKeyword(WebUIKeywordMain.groovy:43)&#xa;	at com.kms.katalon.core.webui.keyword.builtin.SetTextKeyword.setText(SetTextKeyword.groovy:85)&#xa;	at com.kms.katalon.core.webui.keyword.builtin.SetTextKeyword.execute(SetTextKeyword.groovy:39)&#xa;	at com.kms.katalon.core.keyword.internal.KeywordExecutor.executeKeywordForPlatform(KeywordExecutor.groovy:74)&#xa;	at com.kms.katalon.core.webui.keyword.WebUiBuiltInKeywords.setText(WebUiBuiltInKeywords.groovy:1019)&#xa;	at Case positif Quantity Update.run(Case positif Quantity Update:30)&#xa;	at com.kms.katalon.core.main.ScriptEngine.run(ScriptEngine.java:194)&#xa;	at com.kms.katalon.core.main.ScriptEngine.runScriptAsRawText(ScriptEngine.java:119)&#xa;	at com.kms.katalon.core.main.TestCaseExecutor.runScript(TestCaseExecutor.java:448)&#xa;	at com.kms.katalon.core.main.TestCaseExecutor.doExecute(TestCaseExecutor.java:439)&#xa;	at com.kms.katalon.core.main.TestCaseExecutor.processExecutionPhase(TestCaseExecutor.java:418)&#xa;	at com.kms.katalon.core.main.TestCaseExecutor.accessMainPhase(TestCaseExecutor.java:410)&#xa;	at com.kms.katalon.core.main.TestCaseExecutor.execute(TestCaseExecutor.java:285)&#xa;	at com.kms.katalon.core.common.CommonExecutor.accessTestCaseMainPhase(CommonExecutor.java:65)&#xa;	at com.kms.katalon.core.main.TestSuiteExecutor.accessTestSuiteMainPhase(TestSuiteExecutor.java:150)&#xa;	at com.kms.katalon.core.main.TestSuiteExecutor.execute(TestSuiteExecutor.java:106)&#xa;	at com.kms.katalon.core.main.TestCaseMain.startTestSuite(TestCaseMain.java:180)&#xa;	at TempTestSuite1729070129669.run(TempTestSuite1729070129669.groovy:35)&#xa;	at java.base/jdk.internal.reflect.NativeMethodAccessorImpl.invoke0(Native Method)&#xa;	at java.base/jdk.internal.reflect.NativeMethodAccessorImpl.invoke(NativeMethodAccessorImpl.java:77)&#xa;	at java.base/jdk.internal.reflect.DelegatingMethodAccessorImpl.invoke(DelegatingMethodAccessorImpl.java:43)&#xa;Caused by: com.kms.katalon.core.webui.exception.WebElementNotFoundException: Web element with id: 'Object Repository/Page_Basket  Automation Practice Site/input__cart149e9677a5989fd342ae44213df68868qty' located by '//input[@name='cart[149e9677a5989fd342ae44213df68868][qty]']' not found&#xa;	at com.kms.katalon.core.webui.common.WebUiCommonHelper.findWebElement(WebUiCommonHelper.java:1419)&#xa;	at com.kms.katalon.core.webui.keyword.internal.WebUIAbstractKeyword.findWebElement(WebUIAbstractKeyword.groovy:27)&#xa;	at com.kms.katalon.core.webui.keyword.internal.WebUIAbstractKeyword.findWebElement(WebUIAbstractKeyword.groovy:26)&#xa;	at com.kms.katalon.core.webui.keyword.builtin.SetTextKeyword$_setText_closure1.doCall(SetTextKeyword.groovy:53)&#xa;	at com.kms.katalon.core.webui.keyword.builtin.SetTextKeyword$_setText_closure1.call(SetTextKeyword.groovy)&#xa;	at com.kms.katalon.core.webui.keyword.internal.WebUIKeywordMain.runKeyword(WebUIKeywordMain.groovy:35)&#xa;	... 20 more&#xa;"/>
         <system-out><![CDATA[16-10-2024T16:15:34 - [TEST_CASE][FAILED] - Test Cases/Case positif Quantity Update: Test Cases/Case positif Quantity Update FAILED.
Reason:
com.kms.katalon.core.exception.StepFailedException: Unable to set text '4' of object 'Object Repository/Page_Basket  Automation Practice Site/input__cart149e9677a5989fd342ae44213df68868qty'
	at com.kms.katalon.core.webui.keyword.internal.WebUIKeywordMain.stepFailed(WebUIKeywordMain.groovy:117)
	at com.kms.katalon.core.webui.keyword.internal.WebUIKeywordMain.runKeyword(WebUIKeywordMain.groovy:43)
	at com.kms.katalon.core.webui.keyword.builtin.SetTextKeyword.setText(SetTextKeyword.groovy:85)
	at com.kms.katalon.core.webui.keyword.builtin.SetTextKeyword.execute(SetTextKeyword.groovy:39)
	at com.kms.katalon.core.keyword.internal.KeywordExecutor.executeKeywordForPlatform(KeywordExecutor.groovy:74)
	at com.kms.katalon.core.webui.keyword.WebUiBuiltInKeywords.setText(WebUiBuiltInKeywords.groovy:1019)
	at Case positif Quantity Update.run(Case positif Quantity Update:30)
	at com.kms.katalon.core.main.ScriptEngine.run(ScriptEngine.java:194)
	at com.kms.katalon.core.main.ScriptEngine.runScriptAsRawText(ScriptEngine.java:119)
	at com.kms.katalon.core.main.TestCaseExecutor.runScript(TestCaseExecutor.java:448)
	at com.kms.katalon.core.main.TestCaseExecutor.doExecute(TestCaseExecutor.java:439)
	at com.kms.katalon.core.main.TestCaseExecutor.processExecutionPhase(TestCaseExecutor.java:418)
	at com.kms.katalon.core.main.TestCaseExecutor.accessMainPhase(TestCaseExecutor.java:410)
	at com.kms.katalon.core.main.TestCaseExecutor.execute(TestCaseExecutor.java:285)
	at com.kms.katalon.core.common.CommonExecutor.accessTestCaseMainPhase(CommonExecutor.java:65)
	at com.kms.katalon.core.main.TestSuiteExecutor.accessTestSuiteMainPhase(TestSuiteExecutor.java:150)
	at com.kms.katalon.core.main.TestSuiteExecutor.execute(TestSuiteExecutor.java:106)
	at com.kms.katalon.core.main.TestCaseMain.startTestSuite(TestCaseMain.java:180)
	at TempTestSuite1729070129669.run(TempTestSuite1729070129669.groovy:35)
	at java.base/jdk.internal.reflect.NativeMethodAccessorImpl.invoke0(Native Method)
	at java.base/jdk.internal.reflect.NativeMethodAccessorImpl.invoke(NativeMethodAccessorImpl.java:77)
	at java.base/jdk.internal.reflect.DelegatingMethodAccessorImpl.invoke(DelegatingMethodAccessorImpl.java:43)
Caused by: com.kms.katalon.core.webui.exception.WebElementNotFoundException: Web element with id: 'Object Repository/Page_Basket  Automation Practice Site/input__cart149e9677a5989fd342ae44213df68868qty' located by '//input[@name='cart[149e9677a5989fd342ae44213df68868][qty]']' not found
	at com.kms.katalon.core.webui.common.WebUiCommonHelper.findWebElement(WebUiCommonHelper.java:1419)
	at com.kms.katalon.core.webui.keyword.internal.WebUIAbstractKeyword.findWebElement(WebUIAbstractKeyword.groovy:27)
	at com.kms.katalon.core.webui.keyword.internal.WebUIAbstractKeyword.findWebElement(WebUIAbstractKeyword.groovy:26)
	at com.kms.katalon.core.webui.keyword.builtin.SetTextKeyword$_setText_closure1.doCall(SetTextKeyword.groovy:53)
	at com.kms.katalon.core.webui.keyword.builtin.SetTextKeyword$_setText_closure1.call(SetTextKeyword.groovy)
	at com.kms.katalon.core.webui.keyword.internal.WebUIKeywordMain.runKeyword(WebUIKeywordMain.groovy:35)
	... 20 more


16-10-2024T16:15:35 - [TEST_STEP][PASSED] - openBrowser(""): Browser is opened with url: ''

16-10-2024T16:15:35 - [MESSAGE][INFO] - Starting 'Chrome' driver

16-10-2024T16:15:36 - [MESSAGE][INFO] - Action delay is set to 0 milliseconds

16-10-2024T16:15:37 - [MESSAGE][PASSED] - Browser is opened with url: ''

16-10-2024T16:15:37 - [TEST_STEP][PASSED] - maximizeWindow(): Current window maximized

16-10-2024T16:15:37 - [MESSAGE][PASSED] - Current window maximized

16-10-2024T16:15:37 - [TEST_STEP][PASSED] - navigateToUrl("https://practice.automationtesting.in/shop/"): Navigate to 'https://practice.automationtesting.in/shop/' successfully

16-10-2024T16:15:39 - [MESSAGE][PASSED] - Navigate to 'https://practice.automationtesting.in/shop/' successfully

16-10-2024T16:15:39 - [TEST_STEP][PASSED] - click(findTestObject("Object Repository/Page_Products  Automation Practice Site/a_Add to basket")): Object: 'Object Repository/Page_Products  Automation Practice Site/a_Add to basket' is clicked on

16-10-2024T16:15:40 - [MESSAGE][PASSED] - Object: 'Object Repository/Page_Products  Automation Practice Site/a_Add to basket' is clicked on

16-10-2024T16:15:40 - [TEST_STEP][PASSED] - click(findTestObject("Page_Products  Automation Practice Site/i_Demo Site_wpmenucart-icon-shopping-cart-0")): Object: 'Object Repository/Page_Products  Automation Practice Site/i_Demo Site_wpmenucart-icon-shopping-cart-0' is clicked on

16-10-2024T16:15:42 - [MESSAGE][PASSED] - Object: 'Object Repository/Page_Products  Automation Practice Site/i_Demo Site_wpmenucart-icon-shopping-cart-0' is clicked on

16-10-2024T16:15:42 - [TEST_STEP][FAILED] - setText(findTestObject("Object Repository/Page_Basket  Automation Practice Site/input__cart149e9677a5989fd342ae44213df68868qty"), Quantity): Unable to set text '4' of object 'Object Repository/Page_Basket  Automation Practice Site/input__cart149e9677a5989fd342ae44213df68868qty' (Root cause: com.kms.katalon.core.exception.StepFailedException: Unable to set text '4' of object 'Object Repository/Page_Basket  Automation Practice Site/input__cart149e9677a5989fd342ae44213df68868qty'
	at com.kms.katalon.core.webui.keyword.internal.WebUIKeywordMain.stepFailed(WebUIKeywordMain.groovy:117)
	at com.kms.katalon.core.webui.keyword.internal.WebUIKeywordMain.runKeyword(WebUIKeywordMain.groovy:43)
	at com.kms.katalon.core.webui.keyword.builtin.SetTextKeyword.setText(SetTextKeyword.groovy:85)
	at com.kms.katalon.core.webui.keyword.builtin.SetTextKeyword.execute(SetTextKeyword.groovy:39)
	at com.kms.katalon.core.keyword.internal.KeywordExecutor.executeKeywordForPlatform(KeywordExecutor.groovy:74)
	at com.kms.katalon.core.webui.keyword.WebUiBuiltInKeywords.setText(WebUiBuiltInKeywords.groovy:1019)
	at Case positif Quantity Update.run(Case positif Quantity Update:30)
	at com.kms.katalon.core.main.ScriptEngine.run(ScriptEngine.java:194)
	at com.kms.katalon.core.main.ScriptEngine.runScriptAsRawText(ScriptEngine.java:119)
	at com.kms.katalon.core.main.TestCaseExecutor.runScript(TestCaseExecutor.java:448)
	at com.kms.katalon.core.main.TestCaseExecutor.doExecute(TestCaseExecutor.java:439)
	at com.kms.katalon.core.main.TestCaseExecutor.processExecutionPhase(TestCaseExecutor.java:418)
	at com.kms.katalon.core.main.TestCaseExecutor.accessMainPhase(TestCaseExecutor.java:410)
	at com.kms.katalon.core.main.TestCaseExecutor.execute(TestCaseExecutor.java:285)
	at com.kms.katalon.core.common.CommonExecutor.accessTestCaseMainPhase(CommonExecutor.java:65)
	at com.kms.katalon.core.main.TestSuiteExecutor.accessTestSuiteMainPhase(TestSuiteExecutor.java:150)
	at com.kms.katalon.core.main.TestSuiteExecutor.execute(TestSuiteExecutor.java:106)
	at com.kms.katalon.core.main.TestCaseMain.startTestSuite(TestCaseMain.java:180)
	at TempTestSuite1729070129669.run(TempTestSuite1729070129669.groovy:35)
	at java.base/jdk.internal.reflect.NativeMethodAccessorImpl.invoke0(Native Method)
	at java.base/jdk.internal.reflect.NativeMethodAccessorImpl.invoke(NativeMethodAccessorImpl.java:77)
	at java.base/jdk.internal.reflect.DelegatingMethodAccessorImpl.invoke(DelegatingMethodAccessorImpl.java:43)
Caused by: com.kms.katalon.core.webui.exception.WebElementNotFoundException: Web element with id: 'Object Repository/Page_Basket  Automation Practice Site/input__cart149e9677a5989fd342ae44213df68868qty' located by '//input[@name='cart[149e9677a5989fd342ae44213df68868][qty]']' not found
	at com.kms.katalon.core.webui.common.WebUiCommonHelper.findWebElement(WebUiCommonHelper.java:1419)
	at com.kms.katalon.core.webui.keyword.internal.WebUIAbstractKeyword.findWebElement(WebUIAbstractKeyword.groovy:27)
	at com.kms.katalon.core.webui.keyword.internal.WebUIAbstractKeyword.findWebElement(WebUIAbstractKeyword.groovy:26)
	at com.kms.katalon.core.webui.keyword.builtin.SetTextKeyword$_setText_closure1.doCall(SetTextKeyword.groovy:53)
	at com.kms.katalon.core.webui.keyword.builtin.SetTextKeyword$_setText_closure1.call(SetTextKeyword.groovy)
	at com.kms.katalon.core.webui.keyword.internal.WebUIKeywordMain.runKeyword(WebUIKeywordMain.groovy:35)
	at com.kms.katalon.core.webui.keyword.builtin.SetTextKeyword.setText(SetTextKeyword.groovy:85)
	at com.kms.katalon.core.webui.keyword.builtin.SetTextKeyword.execute(SetTextKeyword.groovy:39)
	at com.kms.katalon.core.keyword.internal.KeywordExecutor.executeKeywordForPlatform(KeywordExecutor.groovy:74)
	at com.kms.katalon.core.webui.keyword.WebUiBuiltInKeywords.setText(WebUiBuiltInKeywords.groovy:1019)
	at Script1729063885587.run(Script1729063885587.groovy:30)
	... 15 more
)

16-10-2024T16:16:13 - [MESSAGE][INFO] - Unable to find the element located by 'By.xpath: //input[@name='cart[149e9677a5989fd342ae44213df68868][qty]']'. Please recheck the objects properties to make sure the desired element is located. 

16-10-2024T16:16:13 - [MESSAGE][FAILED] - Unable to set text '4' of object 'Object Repository/Page_Basket  Automation Practice Site/input__cart149e9677a5989fd342ae44213df68868qty' (Root cause: com.kms.katalon.core.exception.StepFailedException: Unable to set text '4' of object 'Object Repository/Page_Basket  Automation Practice Site/input__cart149e9677a5989fd342ae44213df68868qty'
	at com.kms.katalon.core.webui.keyword.internal.WebUIKeywordMain.stepFailed(WebUIKeywordMain.groovy:117)
	at com.kms.katalon.core.webui.keyword.internal.WebUIKeywordMain.runKeyword(WebUIKeywordMain.groovy:43)
	at com.kms.katalon.core.webui.keyword.builtin.SetTextKeyword.setText(SetTextKeyword.groovy:85)
	at com.kms.katalon.core.webui.keyword.builtin.SetTextKeyword.execute(SetTextKeyword.groovy:39)
	at com.kms.katalon.core.keyword.internal.KeywordExecutor.executeKeywordForPlatform(KeywordExecutor.groovy:74)
	at com.kms.katalon.core.webui.keyword.WebUiBuiltInKeywords.setText(WebUiBuiltInKeywords.groovy:1019)
	at Case positif Quantity Update.run(Case positif Quantity Update:30)
	at com.kms.katalon.core.main.ScriptEngine.run(ScriptEngine.java:194)
	at com.kms.katalon.core.main.ScriptEngine.runScriptAsRawText(ScriptEngine.java:119)
	at com.kms.katalon.core.main.TestCaseExecutor.runScript(TestCaseExecutor.java:448)
	at com.kms.katalon.core.main.TestCaseExecutor.doExecute(TestCaseExecutor.java:439)
	at com.kms.katalon.core.main.TestCaseExecutor.processExecutionPhase(TestCaseExecutor.java:418)
	at com.kms.katalon.core.main.TestCaseExecutor.accessMainPhase(TestCaseExecutor.java:410)
	at com.kms.katalon.core.main.TestCaseExecutor.execute(TestCaseExecutor.java:285)
	at com.kms.katalon.core.common.CommonExecutor.accessTestCaseMainPhase(CommonExecutor.java:65)
	at com.kms.katalon.core.main.TestSuiteExecutor.accessTestSuiteMainPhase(TestSuiteExecutor.java:150)
	at com.kms.katalon.core.main.TestSuiteExecutor.execute(TestSuiteExecutor.java:106)
	at com.kms.katalon.core.main.TestCaseMain.startTestSuite(TestCaseMain.java:180)
	at TempTestSuite1729070129669.run(TempTestSuite1729070129669.groovy:35)
	at java.base/jdk.internal.reflect.NativeMethodAccessorImpl.invoke0(Native Method)
	at java.base/jdk.internal.reflect.NativeMethodAccessorImpl.invoke(NativeMethodAccessorImpl.java:77)
	at java.base/jdk.internal.reflect.DelegatingMethodAccessorImpl.invoke(DelegatingMethodAccessorImpl.java:43)
Caused by: com.kms.katalon.core.webui.exception.WebElementNotFoundException: Web element with id: 'Object Repository/Page_Basket  Automation Practice Site/input__cart149e9677a5989fd342ae44213df68868qty' located by '//input[@name='cart[149e9677a5989fd342ae44213df68868][qty]']' not found
	at com.kms.katalon.core.webui.common.WebUiCommonHelper.findWebElement(WebUiCommonHelper.java:1419)
	at com.kms.katalon.core.webui.keyword.internal.WebUIAbstractKeyword.findWebElement(WebUIAbstractKeyword.groovy:27)
	at com.kms.katalon.core.webui.keyword.internal.WebUIAbstractKeyword.findWebElement(WebUIAbstractKeyword.groovy:26)
	at com.kms.katalon.core.webui.keyword.builtin.SetTextKeyword$_setText_closure1.doCall(SetTextKeyword.groovy:53)
	at com.kms.katalon.core.webui.keyword.builtin.SetTextKeyword$_setText_closure1.call(SetTextKeyword.groovy)
	at com.kms.katalon.core.webui.keyword.internal.WebUIKeywordMain.runKeyword(WebUIKeywordMain.groovy:35)
	at com.kms.katalon.core.webui.keyword.builtin.SetTextKeyword.setText(SetTextKeyword.groovy:85)
	at com.kms.katalon.core.webui.keyword.builtin.SetTextKeyword.execute(SetTextKeyword.groovy:39)
	at com.kms.katalon.core.keyword.internal.KeywordExecutor.executeKeywordForPlatform(KeywordExecutor.groovy:74)
	at com.kms.katalon.core.webui.keyword.WebUiBuiltInKeywords.setText(WebUiBuiltInKeywords.groovy:1019)
	at Script1729063885587.run(Script1729063885587.groovy:30)
	... 15 more
)]]></system-out>
         <system-err><![CDATA[16-10-2024T16:15:34 - [TEST_CASE][FAILED] - Test Cases/Case positif Quantity Update: Test Cases/Case positif Quantity Update FAILED.
Reason:
com.kms.katalon.core.exception.StepFailedException: Unable to set text '4' of object 'Object Repository/Page_Basket  Automation Practice Site/input__cart149e9677a5989fd342ae44213df68868qty'
	at com.kms.katalon.core.webui.keyword.internal.WebUIKeywordMain.stepFailed(WebUIKeywordMain.groovy:117)
	at com.kms.katalon.core.webui.keyword.internal.WebUIKeywordMain.runKeyword(WebUIKeywordMain.groovy:43)
	at com.kms.katalon.core.webui.keyword.builtin.SetTextKeyword.setText(SetTextKeyword.groovy:85)
	at com.kms.katalon.core.webui.keyword.builtin.SetTextKeyword.execute(SetTextKeyword.groovy:39)
	at com.kms.katalon.core.keyword.internal.KeywordExecutor.executeKeywordForPlatform(KeywordExecutor.groovy:74)
	at com.kms.katalon.core.webui.keyword.WebUiBuiltInKeywords.setText(WebUiBuiltInKeywords.groovy:1019)
	at Case positif Quantity Update.run(Case positif Quantity Update:30)
	at com.kms.katalon.core.main.ScriptEngine.run(ScriptEngine.java:194)
	at com.kms.katalon.core.main.ScriptEngine.runScriptAsRawText(ScriptEngine.java:119)
	at com.kms.katalon.core.main.TestCaseExecutor.runScript(TestCaseExecutor.java:448)
	at com.kms.katalon.core.main.TestCaseExecutor.doExecute(TestCaseExecutor.java:439)
	at com.kms.katalon.core.main.TestCaseExecutor.processExecutionPhase(TestCaseExecutor.java:418)
	at com.kms.katalon.core.main.TestCaseExecutor.accessMainPhase(TestCaseExecutor.java:410)
	at com.kms.katalon.core.main.TestCaseExecutor.execute(TestCaseExecutor.java:285)
	at com.kms.katalon.core.common.CommonExecutor.accessTestCaseMainPhase(CommonExecutor.java:65)
	at com.kms.katalon.core.main.TestSuiteExecutor.accessTestSuiteMainPhase(TestSuiteExecutor.java:150)
	at com.kms.katalon.core.main.TestSuiteExecutor.execute(TestSuiteExecutor.java:106)
	at com.kms.katalon.core.main.TestCaseMain.startTestSuite(TestCaseMain.java:180)
	at TempTestSuite1729070129669.run(TempTestSuite1729070129669.groovy:35)
	at java.base/jdk.internal.reflect.NativeMethodAccessorImpl.invoke0(Native Method)
	at java.base/jdk.internal.reflect.NativeMethodAccessorImpl.invoke(NativeMethodAccessorImpl.java:77)
	at java.base/jdk.internal.reflect.DelegatingMethodAccessorImpl.invoke(DelegatingMethodAccessorImpl.java:43)
Caused by: com.kms.katalon.core.webui.exception.WebElementNotFoundException: Web element with id: 'Object Repository/Page_Basket  Automation Practice Site/input__cart149e9677a5989fd342ae44213df68868qty' located by '//input[@name='cart[149e9677a5989fd342ae44213df68868][qty]']' not found
	at com.kms.katalon.core.webui.common.WebUiCommonHelper.findWebElement(WebUiCommonHelper.java:1419)
	at com.kms.katalon.core.webui.keyword.internal.WebUIAbstractKeyword.findWebElement(WebUIAbstractKeyword.groovy:27)
	at com.kms.katalon.core.webui.keyword.internal.WebUIAbstractKeyword.findWebElement(WebUIAbstractKeyword.groovy:26)
	at com.kms.katalon.core.webui.keyword.builtin.SetTextKeyword$_setText_closure1.doCall(SetTextKeyword.groovy:53)
	at com.kms.katalon.core.webui.keyword.builtin.SetTextKeyword$_setText_closure1.call(SetTextKeyword.groovy)
	at com.kms.katalon.core.webui.keyword.internal.WebUIKeywordMain.runKeyword(WebUIKeywordMain.groovy:35)
	... 20 more]]></system-err>
      </testcase>
      <testcase name="Test Cases/Case positif Add more basket" time="19.6" classname="Test Cases/Case positif Add more basket" status="PASSED">
         <system-out><![CDATA[16-10-2024T16:16:13 - [TEST_CASE][PASSED] - Test Cases/Case positif Add more basket: Test Cases/Case positif Add more basket

16-10-2024T16:16:13 - [TEST_STEP][PASSED] - openBrowser(""): Browser is opened with url: ''

16-10-2024T16:16:13 - [MESSAGE][WARNING] - A browser is already opened. Closing browser and opening a new one

16-10-2024T16:16:13 - [MESSAGE][INFO] - Starting 'Chrome' driver

16-10-2024T16:16:13 - [MESSAGE][INFO] - Action delay is set to 0 milliseconds

16-10-2024T16:16:14 - [MESSAGE][PASSED] - Browser is opened with url: ''

16-10-2024T16:16:14 - [TEST_STEP][PASSED] - maximizeWindow(): Current window maximized

16-10-2024T16:16:14 - [MESSAGE][PASSED] - Current window maximized

16-10-2024T16:16:14 - [TEST_STEP][PASSED] - navigateToUrl("https://practice.automationtesting.in/shop/"): Navigate to 'https://practice.automationtesting.in/shop/' successfully

16-10-2024T16:16:16 - [MESSAGE][PASSED] - Navigate to 'https://practice.automationtesting.in/shop/' successfully

16-10-2024T16:16:16 - [TEST_STEP][PASSED] - click(findTestObject("Object Repository/Page_Products  Automation Practice Site/a_Add to basket")): Object: 'Object Repository/Page_Products  Automation Practice Site/a_Add to basket' is clicked on

16-10-2024T16:16:17 - [MESSAGE][PASSED] - Object: 'Object Repository/Page_Products  Automation Practice Site/a_Add to basket' is clicked on

16-10-2024T16:16:17 - [TEST_STEP][PASSED] - click(findTestObject("Object Repository/Page_Products  Automation Practice Site/a_Add to basket_1")): Object: 'Object Repository/Page_Products  Automation Practice Site/a_Add to basket_1' is clicked on

16-10-2024T16:16:18 - [MESSAGE][PASSED] - Object: 'Object Repository/Page_Products  Automation Practice Site/a_Add to basket_1' is clicked on

16-10-2024T16:16:18 - [TEST_STEP][PASSED] - click(findTestObject("Object Repository/Page_Products  Automation Practice Site/a_Add to basket_1_2")): Object: 'Object Repository/Page_Products  Automation Practice Site/a_Add to basket_1_2' is clicked on

16-10-2024T16:16:19 - [MESSAGE][PASSED] - Object: 'Object Repository/Page_Products  Automation Practice Site/a_Add to basket_1_2' is clicked on

16-10-2024T16:16:19 - [TEST_STEP][PASSED] - click(findTestObject("Page_Products  Automation Practice Site/i_Demo Site_wpmenucart-icon-shopping-cart-0")): Object: 'Object Repository/Page_Products  Automation Practice Site/i_Demo Site_wpmenucart-icon-shopping-cart-0' is clicked on

16-10-2024T16:16:20 - [MESSAGE][PASSED] - Object: 'Object Repository/Page_Products  Automation Practice Site/i_Demo Site_wpmenucart-icon-shopping-cart-0' is clicked on

16-10-2024T16:16:20 - [TEST_STEP][PASSED] - click(findTestObject("Object Repository/Page_Basket  Automation Practice Site/a_Proceed to Checkout")): Object: 'Object Repository/Page_Basket  Automation Practice Site/a_Proceed to Checkout' is clicked on

16-10-2024T16:16:22 - [MESSAGE][PASSED] - Object: 'Object Repository/Page_Basket  Automation Practice Site/a_Proceed to Checkout' is clicked on

16-10-2024T16:16:22 - [TEST_STEP][PASSED] - setText(findTestObject("Object Repository/Page_Checkout  Automation Practice Site/input__billing_first_name"), First_name): Text 'Felisia' is set on object 'Object Repository/Page_Checkout  Automation Practice Site/input__billing_first_name'

16-10-2024T16:16:23 - [MESSAGE][PASSED] - Text 'Felisia' is set on object 'Object Repository/Page_Checkout  Automation Practice Site/input__billing_first_name'

16-10-2024T16:16:23 - [TEST_STEP][PASSED] - setText(findTestObject("Object Repository/Page_Checkout  Automation Practice Site/input__billing_last_name"), Last_name): Text 'Gremory' is set on object 'Object Repository/Page_Checkout  Automation Practice Site/input__billing_last_name'

16-10-2024T16:16:24 - [MESSAGE][PASSED] - Text 'Gremory' is set on object 'Object Repository/Page_Checkout  Automation Practice Site/input__billing_last_name'

16-10-2024T16:16:24 - [TEST_STEP][PASSED] - setText(findTestObject("Object Repository/Page_Checkout  Automation Practice Site/input_Company Name_billing_company"), Company_name): Text 'Kingdome' is set on object 'Object Repository/Page_Checkout  Automation Practice Site/input_Company Name_billing_company'

16-10-2024T16:16:25 - [MESSAGE][PASSED] - Text 'Kingdome' is set on object 'Object Repository/Page_Checkout  Automation Practice Site/input_Company Name_billing_company'

16-10-2024T16:16:25 - [TEST_STEP][PASSED] - setText(findTestObject("Object Repository/Page_Checkout  Automation Practice Site/input__billing_email"), Email): Text 'felfelia@aaa.com' is set on object 'Object Repository/Page_Checkout  Automation Practice Site/input__billing_email'

16-10-2024T16:16:25 - [MESSAGE][PASSED] - Text 'felfelia@aaa.com' is set on object 'Object Repository/Page_Checkout  Automation Practice Site/input__billing_email'

16-10-2024T16:16:25 - [TEST_STEP][PASSED] - setText(findTestObject("Object Repository/Page_Checkout  Automation Practice Site/input__billing_phone"), Phone): Text '084445645644' is set on object 'Object Repository/Page_Checkout  Automation Practice Site/input__billing_phone'

16-10-2024T16:16:26 - [MESSAGE][PASSED] - Text '084445645644' is set on object 'Object Repository/Page_Checkout  Automation Practice Site/input__billing_phone'

16-10-2024T16:16:26 - [TEST_STEP][PASSED] - setText(findTestObject("Object Repository/Page_Checkout  Automation Practice Site/input__billing_address_1"), Address1): Text 'ghost11' is set on object 'Object Repository/Page_Checkout  Automation Practice Site/input__billing_address_1'

16-10-2024T16:16:27 - [MESSAGE][PASSED] - Text 'ghost11' is set on object 'Object Repository/Page_Checkout  Automation Practice Site/input__billing_address_1'

16-10-2024T16:16:27 - [TEST_STEP][PASSED] - setText(findTestObject("Object Repository/Page_Checkout  Automation Practice Site/input__billing_address_2"), Address2): Text 'ghostt22' is set on object 'Object Repository/Page_Checkout  Automation Practice Site/input__billing_address_2'

16-10-2024T16:16:27 - [MESSAGE][PASSED] - Text 'ghostt22' is set on object 'Object Repository/Page_Checkout  Automation Practice Site/input__billing_address_2'

16-10-2024T16:16:27 - [TEST_STEP][PASSED] - setText(findTestObject("Object Repository/Page_Checkout  Automation Practice Site/input__billing_city"), City): Text 'Jakarta' is set on object 'Object Repository/Page_Checkout  Automation Practice Site/input__billing_city'

16-10-2024T16:16:28 - [MESSAGE][PASSED] - Text 'Jakarta' is set on object 'Object Repository/Page_Checkout  Automation Practice Site/input__billing_city'

16-10-2024T16:16:28 - [TEST_STEP][PASSED] - setText(findTestObject("Object Repository/Page_Checkout  Automation Practice Site/input__billing_postcode"), Postcode): Text '111222444' is set on object 'Object Repository/Page_Checkout  Automation Practice Site/input__billing_postcode'

16-10-2024T16:16:29 - [MESSAGE][PASSED] - Text '111222444' is set on object 'Object Repository/Page_Checkout  Automation Practice Site/input__billing_postcode'

16-10-2024T16:16:29 - [TEST_STEP][PASSED] - click(findTestObject("Object Repository/Page_Checkout  Automation Practice Site/input_PayPal Express Checkout_woocommerce_c_e63d9c")): Object: 'Object Repository/Page_Checkout  Automation Practice Site/input_PayPal Express Checkout_woocommerce_c_e63d9c' is clicked on

16-10-2024T16:16:29 - [MESSAGE][PASSED] - Object: 'Object Repository/Page_Checkout  Automation Practice Site/input_PayPal Express Checkout_woocommerce_c_e63d9c' is clicked on

16-10-2024T16:16:29 - [TEST_STEP][PASSED] - delay(3): Delayed 3 second(s)

16-10-2024T16:16:32 - [MESSAGE][PASSED] - Delayed 3 second(s)

16-10-2024T16:16:32 - [TEST_STEP][PASSED] - closeBrowser(): Browser is closed

16-10-2024T16:16:32 - [MESSAGE][PASSED] - Browser is closed]]></system-out>
         <system-err><![CDATA[]]></system-err>
      </testcase>
      <system-out><![CDATA[16-10-2024T16:15:34 - [TEST_SUITE][FAILED] - TEST TECHNICAL BTN: Test Cases/Case positif Quantity Update FAILED.
Reason:
com.kms.katalon.core.exception.StepFailedException: Unable to set text '4' of object 'Object Repository/Page_Basket  Automation Practice Site/input__cart149e9677a5989fd342ae44213df68868qty'
	at com.kms.katalon.core.webui.keyword.internal.WebUIKeywordMain.stepFailed(WebUIKeywordMain.groovy:117)
	at com.kms.katalon.core.webui.keyword.internal.WebUIKeywordMain.runKeyword(WebUIKeywordMain.groovy:43)
	at com.kms.katalon.core.webui.keyword.builtin.SetTextKeyword.setText(SetTextKeyword.groovy:85)
	at com.kms.katalon.core.webui.keyword.builtin.SetTextKeyword.execute(SetTextKeyword.groovy:39)
	at com.kms.katalon.core.keyword.internal.KeywordExecutor.executeKeywordForPlatform(KeywordExecutor.groovy:74)
	at com.kms.katalon.core.webui.keyword.WebUiBuiltInKeywords.setText(WebUiBuiltInKeywords.groovy:1019)
	at Case positif Quantity Update.run(Case positif Quantity Update:30)
	at com.kms.katalon.core.main.ScriptEngine.run(ScriptEngine.java:194)
	at com.kms.katalon.core.main.ScriptEngine.runScriptAsRawText(ScriptEngine.java:119)
	at com.kms.katalon.core.main.TestCaseExecutor.runScript(TestCaseExecutor.java:448)
	at com.kms.katalon.core.main.TestCaseExecutor.doExecute(TestCaseExecutor.java:439)
	at com.kms.katalon.core.main.TestCaseExecutor.processExecutionPhase(TestCaseExecutor.java:418)
	at com.kms.katalon.core.main.TestCaseExecutor.accessMainPhase(TestCaseExecutor.java:410)
	at com.kms.katalon.core.main.TestCaseExecutor.execute(TestCaseExecutor.java:285)
	at com.kms.katalon.core.common.CommonExecutor.accessTestCaseMainPhase(CommonExecutor.java:65)
	at com.kms.katalon.core.main.TestSuiteExecutor.accessTestSuiteMainPhase(TestSuiteExecutor.java:150)
	at com.kms.katalon.core.main.TestSuiteExecutor.execute(TestSuiteExecutor.java:106)
	at com.kms.katalon.core.main.TestCaseMain.startTestSuite(TestCaseMain.java:180)
	at TempTestSuite1729070129669.run(TempTestSuite1729070129669.groovy:35)
	at java.base/jdk.internal.reflect.NativeMethodAccessorImpl.invoke0(Native Method)
	at java.base/jdk.internal.reflect.NativeMethodAccessorImpl.invoke(NativeMethodAccessorImpl.java:77)
	at java.base/jdk.internal.reflect.DelegatingMethodAccessorImpl.invoke(DelegatingMethodAccessorImpl.java:43)
Caused by: com.kms.katalon.core.webui.exception.WebElementNotFoundException: Web element with id: 'Object Repository/Page_Basket  Automation Practice Site/input__cart149e9677a5989fd342ae44213df68868qty' located by '//input[@name='cart[149e9677a5989fd342ae44213df68868][qty]']' not found
	at com.kms.katalon.core.webui.common.WebUiCommonHelper.findWebElement(WebUiCommonHelper.java:1419)
	at com.kms.katalon.core.webui.keyword.internal.WebUIAbstractKeyword.findWebElement(WebUIAbstractKeyword.groovy:27)
	at com.kms.katalon.core.webui.keyword.internal.WebUIAbstractKeyword.findWebElement(WebUIAbstractKeyword.groovy:26)
	at com.kms.katalon.core.webui.keyword.builtin.SetTextKeyword$_setText_closure1.doCall(SetTextKeyword.groovy:53)
	at com.kms.katalon.core.webui.keyword.builtin.SetTextKeyword$_setText_closure1.call(SetTextKeyword.groovy)
	at com.kms.katalon.core.webui.keyword.internal.WebUIKeywordMain.runKeyword(WebUIKeywordMain.groovy:35)
	... 20 more]]></system-out>
      <system-err><![CDATA[16-10-2024T16:15:34 - [TEST_SUITE][FAILED] - TEST TECHNICAL BTN: Test Cases/Case positif Quantity Update FAILED.
Reason:
com.kms.katalon.core.exception.StepFailedException: Unable to set text '4' of object 'Object Repository/Page_Basket  Automation Practice Site/input__cart149e9677a5989fd342ae44213df68868qty'
	at com.kms.katalon.core.webui.keyword.internal.WebUIKeywordMain.stepFailed(WebUIKeywordMain.groovy:117)
	at com.kms.katalon.core.webui.keyword.internal.WebUIKeywordMain.runKeyword(WebUIKeywordMain.groovy:43)
	at com.kms.katalon.core.webui.keyword.builtin.SetTextKeyword.setText(SetTextKeyword.groovy:85)
	at com.kms.katalon.core.webui.keyword.builtin.SetTextKeyword.execute(SetTextKeyword.groovy:39)
	at com.kms.katalon.core.keyword.internal.KeywordExecutor.executeKeywordForPlatform(KeywordExecutor.groovy:74)
	at com.kms.katalon.core.webui.keyword.WebUiBuiltInKeywords.setText(WebUiBuiltInKeywords.groovy:1019)
	at Case positif Quantity Update.run(Case positif Quantity Update:30)
	at com.kms.katalon.core.main.ScriptEngine.run(ScriptEngine.java:194)
	at com.kms.katalon.core.main.ScriptEngine.runScriptAsRawText(ScriptEngine.java:119)
	at com.kms.katalon.core.main.TestCaseExecutor.runScript(TestCaseExecutor.java:448)
	at com.kms.katalon.core.main.TestCaseExecutor.doExecute(TestCaseExecutor.java:439)
	at com.kms.katalon.core.main.TestCaseExecutor.processExecutionPhase(TestCaseExecutor.java:418)
	at com.kms.katalon.core.main.TestCaseExecutor.accessMainPhase(TestCaseExecutor.java:410)
	at com.kms.katalon.core.main.TestCaseExecutor.execute(TestCaseExecutor.java:285)
	at com.kms.katalon.core.common.CommonExecutor.accessTestCaseMainPhase(CommonExecutor.java:65)
	at com.kms.katalon.core.main.TestSuiteExecutor.accessTestSuiteMainPhase(TestSuiteExecutor.java:150)
	at com.kms.katalon.core.main.TestSuiteExecutor.execute(TestSuiteExecutor.java:106)
	at com.kms.katalon.core.main.TestCaseMain.startTestSuite(TestCaseMain.java:180)
	at TempTestSuite1729070129669.run(TempTestSuite1729070129669.groovy:35)
	at java.base/jdk.internal.reflect.NativeMethodAccessorImpl.invoke0(Native Method)
	at java.base/jdk.internal.reflect.NativeMethodAccessorImpl.invoke(NativeMethodAccessorImpl.java:77)
	at java.base/jdk.internal.reflect.DelegatingMethodAccessorImpl.invoke(DelegatingMethodAccessorImpl.java:43)
Caused by: com.kms.katalon.core.webui.exception.WebElementNotFoundException: Web element with id: 'Object Repository/Page_Basket  Automation Practice Site/input__cart149e9677a5989fd342ae44213df68868qty' located by '//input[@name='cart[149e9677a5989fd342ae44213df68868][qty]']' not found
	at com.kms.katalon.core.webui.common.WebUiCommonHelper.findWebElement(WebUiCommonHelper.java:1419)
	at com.kms.katalon.core.webui.keyword.internal.WebUIAbstractKeyword.findWebElement(WebUIAbstractKeyword.groovy:27)
	at com.kms.katalon.core.webui.keyword.internal.WebUIAbstractKeyword.findWebElement(WebUIAbstractKeyword.groovy:26)
	at com.kms.katalon.core.webui.keyword.builtin.SetTextKeyword$_setText_closure1.doCall(SetTextKeyword.groovy:53)
	at com.kms.katalon.core.webui.keyword.builtin.SetTextKeyword$_setText_closure1.call(SetTextKeyword.groovy)
	at com.kms.katalon.core.webui.keyword.internal.WebUIKeywordMain.runKeyword(WebUIKeywordMain.groovy:35)
	... 20 more]]></system-err>
   </testsuite>
</testsuites>
